Active-HDL 10.5.217.6767 2020-03-03 22:59:12

Elaboration top modules:
Architecture                  tb_architecture(gray_bin_selfcheck_tb)


---------------------------------------------------------------------------------------------------------
Entity                | Architecture    | Library | Info | Compiler Version        | Compilation Options
---------------------------------------------------------------------------------------------------------
gray_bin_selfcheck_tb | tb_architecture | lab05   |      | 10.5.217.6767 (Windows) | -dbg -2008
gray_bin              | gray_bin_loop   | lab05   |      | 10.5.217.6767 (Windows) | -dbg -2008
---------------------------------------------------------------------------------------------------------

---------------------------------------------------------------------------------------------------------
VHDL Package                            | Library | Info | Compiler Version        | Compilation Options
---------------------------------------------------------------------------------------------------------
standard                                | std     |      |                         | <unavailable>
TEXTIO                                  | std     |      |                         | <unavailable>
std_logic_1164                          | ieee    |      |                         | <unavailable>
NUMERIC_STD                             | ieee    |      |                         | <unavailable>
---------------------------------------------------------------------------------------------------------

---------------------------------------------------------------------------------------------------------
Library                                 | Comment
---------------------------------------------------------------------------------------------------------
ieee                                    | Standard IEEE packages library
lab05                                   | None
std                                     | Standard VHDL library
---------------------------------------------------------------------------------------------------------
