Active-HDL 10.5.217.6767 2020-02-18 21:27:26

Elaboration top modules:
Architecture                  non_self_checking(gray_bin_tb)


-------------------------------------------------------------------------------------------------------
Entity      | Architecture      | Library       | Info | Compiler Version        | Compilation Options
-------------------------------------------------------------------------------------------------------
gray_bin_tb | non_self_checking | gray_bin_csop |      | 10.5.217.6767 (Windows) | -O3
gray_bin    | dataflow          | gray_bin_csop |      | 10.5.217.6767 (Windows) | -O3
-------------------------------------------------------------------------------------------------------

-------------------------------------------------------------------------------------------------------
VHDL Package                    | Library       | Info | Compiler Version        | Compilation Options
-------------------------------------------------------------------------------------------------------
standard                        | std           |      |                         | <unavailable>
TEXTIO                          | std           |      |                         | <unavailable>
std_logic_1164                  | ieee          |      |                         | <unavailable>
NUMERIC_STD                     | ieee          |      |                         | <unavailable>
-------------------------------------------------------------------------------------------------------

-------------------------------------------------------------------------------------------------------
Library                         | Comment
-------------------------------------------------------------------------------------------------------
gray_bin_csop                   | None
ieee                            | Standard IEEE packages library
std                             | Standard VHDL library
-------------------------------------------------------------------------------------------------------
